<?xml version="1.0" encoding="UTF-8"?>
<!-- Generated by org.testng.reporters.JUnitReportReporter -->
<testsuite hostname="Kar" failures="0" tests="4" name="sample.DataproviderarrayTest" time="0.011" errors="0" timestamp="2023-03-26T13:51:38 IST" skipped="0">
  <testcase classname="sample.DataproviderarrayTest" name="test" time="0.001"/>
  <system-out/>
  <testcase classname="sample.DataproviderarrayTest" name="test" time="0.001"/>
  <system-out/>
  <testcase classname="sample.DataproviderarrayTest" name="test" time="0.002"/>
  <system-out/>
  <testcase classname="sample.DataproviderarrayTest" name="test" time="0.007"/>
  <system-out/>
</testsuite> <!-- sample.DataproviderarrayTest -->
