<?xml version="1.0" encoding="UTF-8"?>
<!-- Generated by org.testng.reporters.JUnitReportReporter -->
<testsuite hostname="Kar" failures="0" tests="2" name="sample.Dataproviderarray" time="0.007" errors="0" timestamp="2023-02-24T21:58:43 IST" skipped="0">
  <testcase classname="sample.Dataproviderarray" name="test" time="0.001"/>
  <system-out/>
  <testcase classname="sample.Dataproviderarray" name="test" time="0.006"/>
  <system-out/>
</testsuite> <!-- sample.Dataproviderarray -->
