<?xml version="1.0" encoding="UTF-8"?>
<!-- Generated by org.testng.reporters.JUnitReportReporter -->
<testsuite hostname="Kar" failures="0" tests="1" name="hybrid_fw2.testcase" time="15.856" errors="0" timestamp="2023-02-28T23:39:30 IST" skipped="0">
  <testcase classname="hybrid_fw2.testcase" name="script" time="15.856"/>
  <system-out/>
</testsuite> <!-- hybrid_fw2.testcase -->
