<?xml version="1.0" encoding="UTF-8"?>
<!-- Generated by org.testng.reporters.JUnitReportReporter -->
<testsuite hostname="Kar" failures="0" tests="1" name="sample.Grid" time="6.298" errors="0" timestamp="2023-03-15T21:25:10 IST" skipped="0">
  <testcase classname="sample.Grid" name="test" time="6.298"/>
  <system-out/>
</testsuite> <!-- sample.Grid -->
