<?xml version="1.0" encoding="UTF-8"?>
<!-- Generated by org.testng.reporters.JUnitReportReporter -->
<testsuite hostname="Kar" failures="0" tests="2" name="sample.crossbrowsertest" time="8.740" errors="0" timestamp="2023-02-28T12:03:04 IST" skipped="0">
  <testcase classname="sample.crossbrowsertest" name="ts1" time="3.816"/>
  <system-out/>
  <testcase classname="sample.crossbrowsertest" name="ts1" time="4.924"/>
  <system-out/>
</testsuite> <!-- sample.crossbrowsertest -->
