<?xml version="1.0" encoding="UTF-8"?>
<!-- Generated by org.testng.reporters.JUnitReportReporter -->
<testsuite hostname="Kar" failures="0" tests="2" name="BaseClassPractice.flipTest1" time="5.968" errors="0" timestamp="2023-03-10T23:01:53 IST" skipped="0">
  <testcase classname="BaseClassPractice.flipTest1" name="ts1" time="2.417"/>
  <system-out/>
  <testcase classname="BaseClassPractice.flipTest1" name="ts1" time="3.551"/>
  <system-out/>
</testsuite> <!-- BaseClassPractice.flipTest1 -->
