<?xml version="1.0" encoding="UTF-8"?>
<!-- Generated by org.testng.reporters.JUnitReportReporter -->
<testsuite hostname="Kar" failures="0" tests="2" name="sample.flipTest" time="5.803" errors="0" timestamp="2023-03-09T00:06:33 IST" skipped="0">
  <testcase classname="sample.flipTest" name="ts1" time="3.166"/>
  <system-out/>
  <testcase classname="sample.flipTest" name="ts1" time="2.637"/>
  <system-out/>
</testsuite> <!-- sample.flipTest -->
