<?xml version="1.0" encoding="UTF-8"?>
<!-- Generated by org.testng.reporters.JUnitReportReporter -->
<testsuite hostname="Kar" failures="0" tests="1" name="sample.flipTest" time="21.517" errors="0" timestamp="2023-04-08T13:18:58 IST" skipped="0">
  <testcase classname="sample.flipTest" name="ts" time="21.517"/>
  <system-out/>
</testsuite> <!-- sample.flipTest -->
