<?xml version="1.0" encoding="UTF-8"?>
<!-- Generated by org.testng.reporters.JUnitReportReporter -->
<testsuite hostname="Kar" failures="0" tests="2" name="sample.crossbrowser2" time="9.179" errors="0" timestamp="2023-02-28T12:03:04 IST" skipped="0">
  <testcase classname="sample.crossbrowser2" name="ts1" time="3.532"/>
  <system-out/>
  <testcase classname="sample.crossbrowser2" name="ts1" time="5.647"/>
  <system-out/>
</testsuite> <!-- sample.crossbrowser2 -->
