<?xml version="1.0" encoding="UTF-8"?>
<!-- Generated by org.testng.reporters.JUnitReportReporter -->
<testsuite hostname="Kar" failures="0" tests="2" name="BaseClassPractice.flipTest" time="5.654" errors="0" timestamp="2023-03-11T00:18:48 IST" skipped="0">
  <testcase classname="BaseClassPractice.flipTest" name="ts" time="3.598"/>
  <system-out/>
  <testcase classname="BaseClassPractice.flipTest" name="ts" time="2.056"/>
  <system-out/>
</testsuite> <!-- BaseClassPractice.flipTest -->
