<?xml version="1.0" encoding="UTF-8"?>
<!-- Generated by org.testng.reporters.JUnitReportReporter -->
<testsuite hostname="Kar" failures="0" tests="1" name="sample.demo" time="0.007" errors="0" timestamp="2023-02-22T14:34:38 IST" skipped="0">
  <testcase classname="sample.demo" name="test" time="0.007"/>
  <system-out/>
</testsuite> <!-- sample.demo -->
