<?xml version="1.0" encoding="UTF-8"?>
<!-- Generated by org.testng.reporters.JUnitReportReporter -->
<testsuite hostname="Kar" failures="0" tests="2" name="BaseClassPractice.flipTest" time="6.658" errors="0" timestamp="2023-03-10T23:01:53 IST" skipped="0">
  <testcase classname="BaseClassPractice.flipTest" name="ts" time="3.076"/>
  <system-out/>
  <testcase classname="BaseClassPractice.flipTest" name="ts" time="3.582"/>
  <system-out/>
</testsuite> <!-- BaseClassPractice.flipTest -->
