<?xml version="1.0" encoding="UTF-8"?>
<!-- Generated by org.testng.reporters.JUnitReportReporter -->
<testsuite hostname="Kar" failures="0" tests="1" name="sample.flipTest" time="4.588" errors="0" timestamp="2023-03-10T13:28:37 IST" skipped="0">
  <testcase classname="sample.flipTest" name="ts" time="4.588"/>
  <system-out/>
</testsuite> <!-- sample.flipTest -->
