<?xml version="1.0" encoding="UTF-8"?>
<!-- Generated by org.testng.reporters.JUnitReportReporter -->
<testsuite hostname="Kar" failures="0" tests="2" name="Profile.SM_BBTest" time="4.274" errors="0" timestamp="2023-03-10T15:47:58 IST" skipped="0">
  <testcase classname="Profile.SM_BBTest" name="profileUpdatetest" time="2.058"/>
  <system-out/>
  <testcase classname="Profile.SM_BBTest" name="profile_update_hometest" time="2.216"/>
  <system-out/>
</testsuite> <!-- Profile.SM_BBTest -->
