<<<<<<< HEAD
<?xml version="1.0" encoding="UTF-8"?>
<!-- Generated by org.testng.reporters.JUnitReportReporter -->
<testsuite hostname="Kar" failures="0" tests="1" name="sample.flipTest" time="4.588" errors="0" timestamp="2023-03-10T13:28:37 IST" skipped="0">
  <testcase classname="sample.flipTest" name="ts" time="4.588"/>
  <system-out/>
</testsuite> <!-- sample.flipTest -->
=======
<?xml version="1.0" encoding="UTF-8"?>
<!-- Generated by org.testng.reporters.JUnitReportReporter -->
<testsuite hostname="Kar" failures="0" tests="2" name="sample.flipTest" time="5.803" errors="0" timestamp="2023-03-09T00:06:33 IST" skipped="0">
  <testcase classname="sample.flipTest" name="ts1" time="3.166"/>
  <system-out/>
  <testcase classname="sample.flipTest" name="ts1" time="2.637"/>
  <system-out/>
</testsuite> <!-- sample.flipTest -->
>>>>>>> 324bc9c0487cb95ba694599a72427f954fa94ef4
