<?xml version="1.0" encoding="UTF-8"?>
<!-- Generated by org.testng.reporters.JUnitReportReporter -->
<testsuite hostname="Kar" failures="0" tests="2" name="sample.flipTest1" time="4.676" errors="0" timestamp="2023-03-09T00:06:33 IST" skipped="0">
  <testcase classname="sample.flipTest1" name="ts1" time="2.802"/>
  <system-out/>
  <testcase classname="sample.flipTest1" name="ts1" time="1.874"/>
  <system-out/>
</testsuite> <!-- sample.flipTest1 -->
