<?xml version="1.0" encoding="UTF-8"?>
<!-- Generated by org.testng.reporters.JUnitReportReporter -->
<testsuite hostname="Kar" failures="0" tests="2" name="BaseClassPractice.flipTest1" time="6.647" errors="0" timestamp="2023-03-11T00:18:48 IST" skipped="0">
  <testcase classname="BaseClassPractice.flipTest1" name="ts1" time="2.784"/>
  <system-out/>
  <testcase classname="BaseClassPractice.flipTest1" name="ts1" time="3.863"/>
  <system-out/>
</testsuite> <!-- BaseClassPractice.flipTest1 -->
