<?xml version="1.0" encoding="UTF-8"?>
<!-- Generated by org.testng.reporters.JUnitReportReporter -->
<testsuite hostname="Kar" failures="0" tests="1" name="Home.SM_BBTest" time="4.855" errors="0" timestamp="2023-03-10T15:47:58 IST" skipped="0">
  <testcase classname="Home.SM_BBTest" name="upload_phototest" time="4.855"/>
  <system-out/>
</testsuite> <!-- Home.SM_BBTest -->
