<?xml version="1.0" encoding="UTF-8"?>
<!-- Generated by org.testng.reporters.JUnitReportReporter -->
<<<<<<< HEAD
<testsuite skipped="0" hostname="Kar" name="sample.flipTest" tests="1" failures="0" timestamp="2023-03-10T13:29:55 IST" time="6.487" errors="0">
  <testcase name="ts" time="6.487" classname="sample.flipTest"/>
=======
<testsuite skipped="0" hostname="Kar" name="sample.flipTest" tests="1" failures="0" timestamp="2023-03-09T00:17:32 IST" time="4.481" errors="0">
  <testcase name="ts1" time="4.481" classname="sample.flipTest"/>
>>>>>>> 324bc9c0487cb95ba694599a72427f954fa94ef4
  <system-out/>
</testsuite> <!-- sample.flipTest -->
