<?xml version="1.0" encoding="UTF-8"?>
<!-- Generated by org.testng.reporters.JUnitReportReporter -->
<testsuite skipped="0" hostname="Kar" name="sample.flipTest" tests="1" failures="0" timestamp="2023-03-10T13:29:55 IST" time="6.487" errors="0">
  <testcase name="ts" time="6.487" classname="sample.flipTest"/>
  <system-out/>
</testsuite> <!-- sample.flipTest -->
