<?xml version="1.0" encoding="UTF-8"?>
<!-- Generated by org.testng.reporters.JUnitReportReporter -->
<testsuite skipped="0" hostname="Kar" name="sample.flipTest" tests="1" failures="0" timestamp="2023-03-09T00:17:32 IST" time="4.481" errors="0">
  <testcase name="ts1" time="4.481" classname="sample.flipTest"/>
  <system-out/>
</testsuite> <!-- sample.flipTest -->
