<?xml version="1.0" encoding="UTF-8"?>
<!-- Generated by org.testng.reporters.JUnitReportReporter -->
<<<<<<< HEAD
<testsuite skipped="0" hostname="Kar" name="sample.flipTest1" tests="1" failures="0" timestamp="2023-03-10T13:29:55 IST" time="5.688" errors="0">
  <testcase name="ts1" time="5.688" classname="sample.flipTest1"/>
=======
<testsuite skipped="0" hostname="Kar" name="sample.flipTest1" tests="1" failures="0" timestamp="2023-03-09T00:17:32 IST" time="3.994" errors="1">
  <testcase name="ts1" time="3.994" classname="sample.flipTest1">
    <error type="java.lang.NullPointerException">
      <![CDATA[java.lang.NullPointerException
at generic_utilities.Extentreportlistner.onTestStart(Extentreportlistner.java:64)
at org.testng.internal.TestListenerHelper.runTestListeners(TestListenerHelper.java:103)
at org.testng.internal.TestInvoker.runTestResultListener(TestInvoker.java:220)
at org.testng.internal.TestInvoker.invokeMethod(TestInvoker.java:572)
at org.testng.internal.TestInvoker.invokeTestMethod(TestInvoker.java:174)
at org.testng.internal.MethodRunner.runInSequence(MethodRunner.java:46)
at org.testng.internal.TestInvoker$MethodInvocationAgent.invoke(TestInvoker.java:822)
at org.testng.internal.TestInvoker.invokeTestMethods(TestInvoker.java:147)
at org.testng.internal.TestMethodWorker.invokeTestMethods(TestMethodWorker.java:146)
at org.testng.internal.TestMethodWorker.run(TestMethodWorker.java:128)
at java.util.concurrent.ThreadPoolExecutor.runWorker(ThreadPoolExecutor.java:1149)
at java.util.concurrent.ThreadPoolExecutor$Worker.run(ThreadPoolExecutor.java:624)
at java.lang.Thread.run(Thread.java:748)
]]>
    </error>
  </testcase> <!-- ts1 -->
>>>>>>> 324bc9c0487cb95ba694599a72427f954fa94ef4
  <system-out/>
</testsuite> <!-- sample.flipTest1 -->
