<?xml version="1.0" encoding="UTF-8"?>
<!-- Generated by org.testng.reporters.JUnitReportReporter -->
<testsuite skipped="0" hostname="Kar" name="sample.flipTest1" tests="1" failures="0" timestamp="2023-03-10T13:29:55 IST" time="5.688" errors="0">
  <testcase name="ts1" time="5.688" classname="sample.flipTest1"/>
  <system-out/>
</testsuite> <!-- sample.flipTest1 -->
